[debug] [2020-09-29T13:36:17.619Z] ----------------------------------------------------------------------
[debug] [2020-09-29T13:36:17.621Z] Command:       /home/smcbride/.nvm/versions/node/v13.12.0/bin/node /home/smcbride/.nvm/versions/node/v13.12.0/bin/firebase init
[debug] [2020-09-29T13:36:17.621Z] CLI Version:   8.11.2
[debug] [2020-09-29T13:36:17.621Z] Platform:      linux
[debug] [2020-09-29T13:36:17.621Z] Node Version:  v13.12.0
[debug] [2020-09-29T13:36:17.622Z] Time:          Tue Sep 29 2020 09:36:17 GMT-0400 (Eastern Daylight Time)
[debug] [2020-09-29T13:36:17.622Z] ----------------------------------------------------------------------
[debug] [2020-09-29T13:36:17.622Z] 
[debug] [2020-09-29T13:36:17.626Z] > command requires scopes: ["email","openid","https://www.googleapis.com/auth/cloudplatformprojects.readonly","https://www.googleapis.com/auth/firebase","https://www.googleapis.com/auth/cloud-platform"]
[debug] [2020-09-29T13:36:17.627Z] > authorizing via signed-in user
[info] 
     ######## #### ########  ######## ########     ###     ######  ########
     ##        ##  ##     ## ##       ##     ##  ##   ##  ##       ##
     ######    ##  ########  ######   ########  #########  ######  ######
     ##        ##  ##    ##  ##       ##     ## ##     ##       ## ##
     ##       #### ##     ## ######## ########  ##     ##  ######  ########

You're about to initialize a Firebase project in this directory:

  /mnt/c/Users/steve/dev/projects/personal-portfolio

Before we get started, keep in mind:

  * You are currently outside your home directory

[info] 
=== Project Setup
[info] 
[info] First, let's associate this project directory with a Firebase project.
[info] You can create multiple project aliases by running firebase use --add, 
[info] but for now we'll just set up a default project.
[info] 
[info] i  If you want to create a project in a Google Cloud organization or folder, please use "firebase projects:create" instead, and return to this command when you've created the project. 
[debug] [2020-09-29T13:37:52.578Z] >>> HTTP REQUEST POST https://cloudresourcemanager.googleapis.com/v1/projects  
 {"projectId":"personal-portfolio","name":"personal-portfolio"}
[debug] [2020-09-29T13:37:52.955Z] <<< HTTP RESPONSE 409 {"vary":"X-Origin, Referer, Origin,Accept-Encoding","content-type":"application/json; charset=UTF-8","date":"Tue, 29 Sep 2020 13:37:52 GMT","server":"ESF","cache-control":"private","x-xss-protection":"0","x-frame-options":"SAMEORIGIN","x-content-type-options":"nosniff","server-timing":"gfet4t7; dur=256","alt-svc":"h3-Q050=\":443\"; ma=2592000,h3-29=\":443\"; ma=2592000,h3-27=\":443\"; ma=2592000,h3-T051=\":443\"; ma=2592000,h3-T050=\":443\"; ma=2592000,h3-Q046=\":443\"; ma=2592000,h3-Q043=\":443\"; ma=2592000,quic=\":443\"; ma=2592000; v=\"46,43\"","accept-ranges":"none","transfer-encoding":"chunked"}
[debug] [2020-09-29T13:37:52.955Z] <<< HTTP RESPONSE BODY {"error":{"code":409,"message":"Requested entity already exists","status":"ALREADY_EXISTS"}}
[debug] [2020-09-29T13:37:53.048Z] FirebaseError: HTTP Error: 409, Requested entity already exists
    at module.exports (/home/smcbride/.nvm/versions/node/v13.12.0/lib/node_modules/firebase-tools/lib/responseToError.js:38:12)
    at Request._callback (/home/smcbride/.nvm/versions/node/v13.12.0/lib/node_modules/firebase-tools/lib/api.js:41:35)
    at Request.self.callback (/home/smcbride/.nvm/versions/node/v13.12.0/lib/node_modules/firebase-tools/node_modules/request/request.js:185:22)
    at Request.emit (events.js:315:20)
    at Request.EventEmitter.emit (domain.js:485:12)
    at Request.<anonymous> (/home/smcbride/.nvm/versions/node/v13.12.0/lib/node_modules/firebase-tools/node_modules/request/request.js:1154:10)
    at Request.emit (events.js:315:20)
    at Request.EventEmitter.emit (domain.js:485:12)
    at IncomingMessage.<anonymous> (/home/smcbride/.nvm/versions/node/v13.12.0/lib/node_modules/firebase-tools/node_modules/request/request.js:1076:12)
    at Object.onceWrapper (events.js:421:28)
    at IncomingMessage.emit (events.js:327:22)
    at IncomingMessage.EventEmitter.emit (domain.js:485:12)
    at endReadableNT (_stream_readable.js:1201:12)
    at processTicksAndRejections (internal/process/task_queues.js:84:21)
[error] 
[error] Error: Failed to create project because there is already a project with ID personal-portfolio. Please try again with a unique project ID.
